<?xml version="1.0" encoding="UTF-8"?>
<testng-results ignored="0" total="1" passed="1" failed="0" skipped="0">
  <reporter-output>
  </reporter-output>
  <suite started-at="2026-04-30T14:50:22 IST" name="Default suite" finished-at="2026-04-30T14:50:26 IST" duration-ms="3908">
    <groups>
    </groups>
    <test started-at="2026-04-30T14:50:22 IST" name="Default test" finished-at="2026-04-30T14:50:26 IST" duration-ms="3908">
      <class name="tests.EcommerceFlowTest">
        <test-method is-config="true" signature="setup()[pri:0, instance:tests.EcommerceFlowTest@6f1de4c7]" started-at="2026-04-30T14:50:22 IST" name="setup" finished-at="2026-04-30T14:50:25 IST" duration-ms="2711" status="PASS">
          <reporter-output>
          </reporter-output>
        </test-method> <!-- setup -->
        <test-method signature="addToCartFlow()[pri:0, instance:tests.EcommerceFlowTest@6f1de4c7]" started-at="2026-04-30T14:50:25 IST" name="addToCartFlow" finished-at="2026-04-30T14:50:26 IST" duration-ms="876" status="PASS">
          <reporter-output>
          </reporter-output>
        </test-method> <!-- addToCartFlow -->
        <test-method is-config="true" signature="tearDown()[pri:0, instance:tests.EcommerceFlowTest@6f1de4c7]" started-at="2026-04-30T14:50:26 IST" name="tearDown" finished-at="2026-04-30T14:50:26 IST" duration-ms="272" status="PASS">
          <reporter-output>
          </reporter-output>
        </test-method> <!-- tearDown -->
      </class> <!-- tests.EcommerceFlowTest -->
    </test> <!-- Default test -->
  </suite> <!-- Default suite -->
</testng-results>
