<?xml version="1.0" encoding="UTF-8"?>
<testng-results ignored="0" total="1" passed="1" failed="0" skipped="0">
  <reporter-output>
  </reporter-output>
  <suite started-at="2026-05-03T12:37:16 IST" name="Default suite" finished-at="2026-05-03T12:37:22 IST" duration-ms="6122">
    <groups>
    </groups>
    <test started-at="2026-05-03T12:37:16 IST" name="Default test" finished-at="2026-05-03T12:37:22 IST" duration-ms="6122">
      <class name="tests.EcommerceFlowTest">
        <test-method is-config="true" signature="setup()[pri:0, instance:tests.EcommerceFlowTest@6f1de4c7]" started-at="2026-05-03T12:37:16 IST" name="setup" finished-at="2026-05-03T12:37:20 IST" duration-ms="4863" status="PASS">
          <reporter-output>
          </reporter-output>
        </test-method> <!-- setup -->
        <test-method signature="addToCartFlow()[pri:0, instance:tests.EcommerceFlowTest@6f1de4c7]" started-at="2026-05-03T12:37:20 IST" name="addToCartFlow" finished-at="2026-05-03T12:37:21 IST" duration-ms="902" status="PASS">
          <reporter-output>
          </reporter-output>
        </test-method> <!-- addToCartFlow -->
        <test-method is-config="true" signature="tearDown()[pri:0, instance:tests.EcommerceFlowTest@6f1de4c7]" started-at="2026-05-03T12:37:21 IST" name="tearDown" finished-at="2026-05-03T12:37:22 IST" duration-ms="315" status="PASS">
          <reporter-output>
          </reporter-output>
        </test-method> <!-- tearDown -->
      </class> <!-- tests.EcommerceFlowTest -->
    </test> <!-- Default test -->
  </suite> <!-- Default suite -->
</testng-results>
